<?xml version="1.0" encoding="UTF-8"?>
<!-- Generated by org.testng.reporters.JUnitReportReporter -->
<testsuite hostname="DESKTOP-0VQF23E" failures="0" tests="1" name="testcase.AccountPage_TC_002" time="12.371" errors="0" timestamp="2024-09-12T12:44:36 IST" skipped="0">
  <testcase classname="testcase.AccountPage_TC_002" name="login" time="12.371"/>
  <system-out/>
</testsuite> <!-- testcase.AccountPage_TC_002 -->
