<?xml version="1.0" encoding="UTF-8"?>
<!-- Generated by org.testng.reporters.JUnitReportReporter -->
<testsuite hostname="DESKTOP-0VQF23E" failures="0" tests="1" name="testcase.LoginPage_TC_001" time="14.913" errors="0" timestamp="2024-09-12T12:44:36 IST" skipped="0">
  <testcase classname="testcase.LoginPage_TC_001" name="login" time="14.913"/>
  <system-out/>
</testsuite> <!-- testcase.LoginPage_TC_001 -->
